<?xml version="1.0" encoding="UTF-8"?>
<testng-results ignored="0" total="2" passed="1" failed="1" skipped="0">
  <reporter-output>
  </reporter-output>
  <suite started-at="2023-03-03T18:05:06 BDT" name="Suite" finished-at="2023-03-03T18:05:44 BDT" duration-ms="37370">
    <groups>
      <group name="cucumber">
        <method signature="AbstractTestNGCucumberTests.runScenario(io.cucumber.testng.PickleWrapper, io.cucumber.testng.FeatureWrapper)[pri:0, instance:TestRunner.CucumberRunnerTests@54c5a2ff]" name="runScenario" class="io.cucumber.testng.AbstractTestNGCucumberTests"/>
      </group> <!-- cucumber -->
    </groups>
    <test started-at="2023-03-03T18:05:06 BDT" name="cucumberRunner" finished-at="2023-03-03T18:05:44 BDT" duration-ms="37370">
      <class name="TestRunner.CucumberRunnerTests">
        <test-method is-config="true" signature="setUpClass()[pri:0, instance:TestRunner.CucumberRunnerTests@54c5a2ff]" started-at="2023-03-03T18:05:06 BDT" name="setUpClass" finished-at="2023-03-03T18:05:07 BDT" duration-ms="898" status="PASS">
          <reporter-output>
          </reporter-output>
        </test-method> <!-- setUpClass -->
        <test-method signature="runScenario(io.cucumber.testng.PickleWrapper, io.cucumber.testng.FeatureWrapper)[pri:0, instance:TestRunner.CucumberRunnerTests@54c5a2ff]" started-at="2023-03-03T18:05:07 BDT" name="runScenario" description="Runs Cucumber Scenarios" data-provider="scenarios" finished-at="2023-03-03T18:05:39 BDT" duration-ms="31847" status="PASS">
          <params>
            <param index="0">
              <value>
                <![CDATA["Login to the bank"]]>
              </value>
            </param>
            <param index="1">
              <value>
                <![CDATA["Optional[User login]"]]>
              </value>
            </param>
          </params>
          <reporter-output>
          </reporter-output>
        </test-method> <!-- runScenario -->
        <test-method signature="runScenario(io.cucumber.testng.PickleWrapper, io.cucumber.testng.FeatureWrapper)[pri:0, instance:TestRunner.CucumberRunnerTests@54c5a2ff]" started-at="2023-03-03T18:05:39 BDT" name="runScenario" description="Runs Cucumber Scenarios" data-provider="scenarios" finished-at="2023-03-03T18:05:43 BDT" duration-ms="4482" status="FAIL">
          <params>
            <param index="0">
              <value>
                <![CDATA[""]]>
              </value>
            </param>
            <param index="1">
              <value>
                <![CDATA["Optional.empty"]]>
              </value>
            </param>
          </params>
          <exception class="org.openqa.selenium.NoSuchElementException">
            <message>
              <![CDATA[An element could not be located on the page using the given search parameters.
For documentation on this error, please visit: https://selenium.dev/exceptions/#no_such_element
Build info: version: '4.7.0', revision: '0a5b49d16f'
System info: os.name: 'Mac OS X', os.arch: 'x86_64', os.version: '12.4', java.version: '17.0.5'
Driver info: io.appium.java_client.android.AndroidDriver
Command: [af158d41-3329-4e8a-be9c-b488367d6739, findElement {using=xpath, value=//*[@id='phoneTextField']}]
Capabilities {appium:appActivity: .LoginActivity, appium:appPackage: com.experitest.ExperiBank, appium:databaseEnabled: false, appium:desired: {appActivity: .LoginActivity, appPackage: com.experitest.ExperiBank, deviceName: Xiaomi Mi Note 10 Lite, platformName: android, platformVersion: 11}, appium:deviceApiLevel: 30, appium:deviceManufacturer: Xiaomi, appium:deviceModel: Mi Note 10 Lite, appium:deviceName: a12aa2b2, appium:deviceScreenDensity: 461, appium:deviceScreenSize: 1080x2340, appium:deviceUDID: a12aa2b2, appium:javascriptEnabled: true, appium:locationContextEnabled: false, appium:networkConnectionEnabled: true, appium:pixelRatio: 2.8812501, appium:platformVersion: 11, appium:statBarHeight: 73, appium:takesScreenshot: true, appium:viewportRect: {height: 2065, left: 0, top: 73, width: 1080}, appium:warnings: {}, appium:webStorageEnabled: false, platformName: ANDROID}
Session ID: af158d41-3329-4e8a-be9c-b488367d6739]]>
            </message>
            <full-stacktrace>
              <![CDATA[org.openqa.selenium.NoSuchElementException: An element could not be located on the page using the given search parameters.
For documentation on this error, please visit: https://selenium.dev/exceptions/#no_such_element
Build info: version: '4.7.0', revision: '0a5b49d16f'
System info: os.name: 'Mac OS X', os.arch: 'x86_64', os.version: '12.4', java.version: '17.0.5'
Driver info: io.appium.java_client.android.AndroidDriver
Command: [af158d41-3329-4e8a-be9c-b488367d6739, findElement {using=xpath, value=//*[@id='phoneTextField']}]
Capabilities {appium:appActivity: .LoginActivity, appium:appPackage: com.experitest.ExperiBank, appium:databaseEnabled: false, appium:desired: {appActivity: .LoginActivity, appPackage: com.experitest.ExperiBank, deviceName: Xiaomi Mi Note 10 Lite, platformName: android, platformVersion: 11}, appium:deviceApiLevel: 30, appium:deviceManufacturer: Xiaomi, appium:deviceModel: Mi Note 10 Lite, appium:deviceName: a12aa2b2, appium:deviceScreenDensity: 461, appium:deviceScreenSize: 1080x2340, appium:deviceUDID: a12aa2b2, appium:javascriptEnabled: true, appium:locationContextEnabled: false, appium:networkConnectionEnabled: true, appium:pixelRatio: 2.8812501, appium:platformVersion: 11, appium:statBarHeight: 73, appium:takesScreenshot: true, appium:viewportRect: {height: 2065, left: 0, top: 73, width: 1080}, appium:warnings: {}, appium:webStorageEnabled: false, platformName: ANDROID}
Session ID: af158d41-3329-4e8a-be9c-b488367d6739
at java.base/jdk.internal.reflect.NativeConstructorAccessorImpl.newInstance0(Native Method)
at java.base/jdk.internal.reflect.NativeConstructorAccessorImpl.newInstance(NativeConstructorAccessorImpl.java:77)
at java.base/jdk.internal.reflect.DelegatingConstructorAccessorImpl.newInstance(DelegatingConstructorAccessorImpl.java:45)
at java.base/java.lang.reflect.Constructor.newInstanceWithCaller(Constructor.java:499)
at java.base/java.lang.reflect.Constructor.newInstance(Constructor.java:480)
at org.openqa.selenium.remote.codec.w3c.W3CHttpResponseCodec.createException(W3CHttpResponseCodec.java:200)
at org.openqa.selenium.remote.codec.w3c.W3CHttpResponseCodec.decode(W3CHttpResponseCodec.java:133)
at org.openqa.selenium.remote.codec.w3c.W3CHttpResponseCodec.decode(W3CHttpResponseCodec.java:53)
at org.openqa.selenium.remote.HttpCommandExecutor.execute(HttpCommandExecutor.java:184)
at io.appium.java_client.remote.AppiumCommandExecutor.execute(AppiumCommandExecutor.java:262)
at org.openqa.selenium.remote.RemoteWebDriver.execute(RemoteWebDriver.java:541)
at org.openqa.selenium.remote.ElementLocation$ElementFinder$2.findElement(ElementLocation.java:162)
at org.openqa.selenium.remote.ElementLocation.findElement(ElementLocation.java:60)
at org.openqa.selenium.remote.RemoteWebDriver.findElement(RemoteWebDriver.java:365)
at org.openqa.selenium.remote.RemoteWebDriver.findElement(RemoteWebDriver.java:357)
at AppAutomation.AppAutomationPage.sendPayment(AppAutomationPage.java:34)
at StepDefinition.MakePaymentStepdefs.userEnterPhoneAndNameAndAmountAndCountry(MakePaymentStepdefs.java:26)
at ✽.user enter '01711786756' and  'suchona' and '500' and 'India'(file:///Users/shopup/AutomationCoverage/AutomationCoverage/src/test/resources/Features/makePayment.feature:7)
]]>
            </full-stacktrace>
          </exception> <!-- org.openqa.selenium.NoSuchElementException -->
          <reporter-output>
          </reporter-output>
        </test-method> <!-- runScenario -->
        <test-method is-config="true" signature="tearDownClass()[pri:0, instance:TestRunner.CucumberRunnerTests@54c5a2ff]" started-at="2023-03-03T18:05:43 BDT" name="tearDownClass" finished-at="2023-03-03T18:05:44 BDT" duration-ms="78" status="PASS">
          <reporter-output>
          </reporter-output>
        </test-method> <!-- tearDownClass -->
      </class> <!-- TestRunner.CucumberRunnerTests -->
    </test> <!-- cucumberRunner -->
  </suite> <!-- Suite -->
</testng-results>
