<?xml version="1.0" encoding="UTF-8"?>
<testng-results skipped="0" failed="0" ignored="0" total="1" passed="1">
  <reporter-output>
  </reporter-output>
  <suite name="Suite" duration-ms="23137" started-at="2023-02-10T17:28:44 BDT" finished-at="2023-02-10T17:29:07 BDT">
    <groups>
      <group name="cucumber">
        <method signature="AbstractTestNGCucumberTests.runScenario(io.cucumber.testng.PickleWrapper, io.cucumber.testng.FeatureWrapper)[pri:0, instance:TestRunner.CucumberRunnerTests@7714e963]" name="runScenario" class="io.cucumber.testng.AbstractTestNGCucumberTests"/>
      </group> <!-- cucumber -->
    </groups>
    <test name="cucumberRunner" duration-ms="23137" started-at="2023-02-10T17:28:44 BDT" finished-at="2023-02-10T17:29:07 BDT">
      <class name="TestRunner.CucumberRunnerTests">
        <test-method status="PASS" signature="setUpClass()[pri:0, instance:TestRunner.CucumberRunnerTests@7714e963]" name="setUpClass" is-config="true" duration-ms="811" started-at="2023-02-10T17:28:44 BDT" finished-at="2023-02-10T17:28:45 BDT">
          <reporter-output>
          </reporter-output>
        </test-method> <!-- setUpClass -->
        <test-method status="PASS" signature="runScenario(io.cucumber.testng.PickleWrapper, io.cucumber.testng.FeatureWrapper)[pri:0, instance:TestRunner.CucumberRunnerTests@7714e963]" name="runScenario" duration-ms="22239" started-at="2023-02-10T17:28:45 BDT" description="Runs Cucumber Scenarios" data-provider="scenarios" finished-at="2023-02-10T17:29:07 BDT">
          <params>
            <param index="0">
              <value>
                <![CDATA["Check login with valid credential"]]>
              </value>
            </param>
            <param index="1">
              <value>
                <![CDATA["Optional[login]"]]>
              </value>
            </param>
          </params>
          <reporter-output>
          </reporter-output>
        </test-method> <!-- runScenario -->
        <test-method status="PASS" signature="tearDownClass()[pri:0, instance:TestRunner.CucumberRunnerTests@7714e963]" name="tearDownClass" is-config="true" duration-ms="46" started-at="2023-02-10T17:29:07 BDT" finished-at="2023-02-10T17:29:07 BDT">
          <reporter-output>
          </reporter-output>
        </test-method> <!-- tearDownClass -->
      </class> <!-- TestRunner.CucumberRunnerTests -->
    </test> <!-- cucumberRunner -->
  </suite> <!-- Suite -->
</testng-results>
